Mon, 02 Mar 2020 18:56:41 -  - - - - - - - - - - - - - - - - - - - - - - - - - - - -  : __main__.
Mon, 02 Mar 2020 18:56:41 -   INITIAL CONFIGURATION COMPLETE   : __main__.
Mon, 02 Mar 2020 18:56:41 - 'HOME' path is: /home/greg/out : __main__.
Mon, 02 Mar 2020 19:03:47 -  - - - - - - - - - - - - - - - - - - - - - - - - - - - -  : __main__.
Mon, 02 Mar 2020 19:03:47 -   INITIAL CONFIGURATION COMPLETE   : __main__.
Mon, 02 Mar 2020 19:03:47 - 'HOME' path is: /home/greg/out : __main__.
Mon, 02 Mar 2020 19:05:58 -  - - - - - - - - - - - - - - - - - - - - - - - - - - - -  : __main__.
Mon, 02 Mar 2020 19:05:58 -   INITIAL CONFIGURATION COMPLETE   : __main__.
Mon, 02 Mar 2020 19:05:58 - 'HOME' path is: /home/greg/out : __main__.
Mon, 02 Mar 2020 19:06:15 -  - - - - - - - - - - - - - - - - - - - - - - - - - - - -  : __main__.
Mon, 02 Mar 2020 19:06:15 -   INITIAL CONFIGURATION COMPLETE   : __main__.
Mon, 02 Mar 2020 19:06:15 - 'HOME' path is: /home/greg/out : __main__.
Mon, 02 Mar 2020 19:06:15 - That's all folks.  Goodbye : __main__.
Mon, 02 Mar 2020 19:07:19 -  - - - - - - - - - - - - - - - - - - - - - - - - - - - -  : __main__.
Mon, 02 Mar 2020 19:07:19 -   INITIAL CONFIGURATION COMPLETE   : __main__.
Mon, 02 Mar 2020 19:07:19 - 'HOME' path is: /home/greg/out : __main__.
Mon, 02 Mar 2020 19:07:53 -  - - - - - - - - - - - - - - - - - - - - - - - - - - - -  : __main__.
Mon, 02 Mar 2020 19:07:53 -   INITIAL CONFIGURATION COMPLETE   : __main__.
Mon, 02 Mar 2020 19:07:53 - 'HOME' path is: /home/greg/out : __main__.
Mon, 02 Mar 2020 19:07:53 - That's all folks.  Goodbye : __main__.
Mon, 02 Mar 2020 19:09:11 -  - - - - - - - - - - - - - - - - - - - - - - - - - - - -  : __main__.
Mon, 02 Mar 2020 19:09:11 -   INITIAL CONFIGURATION COMPLETE   : __main__.
Mon, 02 Mar 2020 19:09:11 - 'HOME' path is: /home/greg/out : __main__.
Mon, 02 Mar 2020 19:09:11 -  Top of try : __main__.
Mon, 02 Mar 2020 19:22:27 -  - - - - - - - - - - - - - - - - - - - - -  : __main__.
Mon, 02 Mar 2020 19:22:27 - Cleaning up : __main__.
Mon, 02 Mar 2020 19:22:27 - Shutting down gracefully : __main__.
Mon, 02 Mar 2020 19:22:27 - That's all folks.  Goodbye : __main__.
Mon, 02 Mar 2020 19:23:54 -  - - - - - - - - - - - - - - - - - - - - - - - - - - - -  : __main__.
Mon, 02 Mar 2020 19:23:54 -   INITIAL CONFIGURATION COMPLETE   : __main__.
Mon, 02 Mar 2020 19:23:54 - 'HOME' path is: /home/greg/out : __main__.
Mon, 02 Mar 2020 19:23:54 -  Top of try : __main__.
Mon, 02 Mar 2020 19:23:56 - That's all folks.  Goodbye : __main__.
Mon, 02 Mar 2020 19:26:19 -  - - - - - - - - - - - - - - - - - - - - - - - - - - - -  : __main__.
Mon, 02 Mar 2020 19:26:19 -   INITIAL CONFIGURATION COMPLETE   : __main__.
Mon, 02 Mar 2020 19:26:19 - 'HOME' path is: /home/greg/out : __main__.
Mon, 02 Mar 2020 19:26:19 -  Top of try : __main__.
Mon, 02 Mar 2020 19:30:48 -  - - - - - - - - - - - - - - - - - - - - -  : __main__.
Mon, 02 Mar 2020 19:30:48 - Cleaning up : __main__.
Mon, 02 Mar 2020 19:30:48 - Shutting down gracefully : __main__.
Mon, 02 Mar 2020 19:30:48 - That's all folks.  Goodbye : __main__.
Mon, 02 Mar 2020 19:32:04 -  - - - - - - - - - - - - - - - - - - - - - - - - - - - -  : __main__.
Mon, 02 Mar 2020 19:32:04 -   INITIAL CONFIGURATION COMPLETE   : __main__.
Mon, 02 Mar 2020 19:32:04 - 'HOME' path is: /home/greg/out : __main__.
Mon, 02 Mar 2020 19:32:04 -  Top of try : __main__.
Mon, 02 Mar 2020 19:32:06 - That's all folks.  Goodbye : __main__.
Mon, 02 Mar 2020 19:35:33 -  - - - - - - - - - - - - - - - - - - - - - - - - - - - -  : __main__.
Mon, 02 Mar 2020 19:35:33 -   INITIAL CONFIGURATION COMPLETE   : __main__.
Mon, 02 Mar 2020 19:35:33 - 'HOME' path is: /home/greg/out : __main__.
Mon, 02 Mar 2020 19:35:33 -  Top of try : __main__.
Mon, 02 Mar 2020 19:35:38 - That's all folks.  Goodbye : __main__.
Mon, 02 Mar 2020 19:36:59 -  - - - - - - - - - - - - - - - - - - - - - - - - - - - -  : __main__.
Mon, 02 Mar 2020 19:36:59 -   INITIAL CONFIGURATION COMPLETE   : __main__.
Mon, 02 Mar 2020 19:36:59 - 'HOME' path is: /home/greg/out : __main__.
Mon, 02 Mar 2020 19:36:59 -  Top of try : __main__.
Mon, 02 Mar 2020 19:37:33 -  - - - - - - - - - - - - - - - - - - - - -  : __main__.
Mon, 02 Mar 2020 19:37:33 - Cleaning up : __main__.
Mon, 02 Mar 2020 19:37:33 - Shutting down gracefully : __main__.
Mon, 02 Mar 2020 19:37:33 - Finished SignalHandler : __main__.
Mon, 02 Mar 2020 19:37:33 - That's all folks.  Goodbye : __main__.
Mon, 02 Mar 2020 19:37:37 -  - - - - - - - - - - - - - - - - - - - - - - - - - - - -  : __main__.
Mon, 02 Mar 2020 19:37:37 -   INITIAL CONFIGURATION COMPLETE   : __main__.
Mon, 02 Mar 2020 19:37:37 - 'HOME' path is: /home/greg/out : __main__.
Mon, 02 Mar 2020 19:37:37 -  Top of try : __main__.
Mon, 02 Mar 2020 19:41:03 -  - - - - - - - - - - - - - - - - - - - - -  : __main__.
Mon, 02 Mar 2020 19:41:03 - Cleaning up : __main__.
Mon, 02 Mar 2020 19:41:03 - Shutting down gracefully : __main__.
Mon, 02 Mar 2020 19:41:03 - Finished SignalHandler : __main__.
Mon, 02 Mar 2020 19:41:03 - That's all folks.  Goodbye : __main__.
Mon, 02 Mar 2020 19:42:13 -  - - - - - - - - - - - - - - - - - - - - - - - - - - - -  : __main__.
Mon, 02 Mar 2020 19:42:13 -   INITIAL CONFIGURATION COMPLETE   : __main__.
Mon, 02 Mar 2020 19:42:13 - 'HOME' path is: /home/greg/out : __main__.
Mon, 02 Mar 2020 19:42:13 -  Top of try : __main__.
Mon, 02 Mar 2020 19:42:35 -  - - - - - - - - - - - - - - - - - - - - -  : __main__.
Mon, 02 Mar 2020 19:42:35 - Cleaning up : __main__.
Mon, 02 Mar 2020 19:42:35 - Shutting down gracefully : __main__.
Mon, 02 Mar 2020 19:42:35 - Finished SignalHandler : __main__.
Mon, 02 Mar 2020 19:45:55 -  - - - - - - - - - - - - - - - - - - - - - - - - - - - -  : __main__.
Mon, 02 Mar 2020 19:45:55 -   INITIAL CONFIGURATION COMPLETE   : __main__.
Mon, 02 Mar 2020 19:45:55 - 'HOME' path is: /home/greg/out : __main__.
Mon, 02 Mar 2020 19:45:55 -  Top of try : __main__.
Mon, 02 Mar 2020 19:48:40 -  - - - - - - - - - - - - - - - - - - - - -  : __main__.
Mon, 02 Mar 2020 19:48:40 - Cleaning up : __main__.
Mon, 02 Mar 2020 19:48:40 - Shutting down gracefully : __main__.
Mon, 02 Mar 2020 19:48:40 - Finished SignalHandler : __main__.
Mon, 02 Mar 2020 19:48:40 - That's all folks.  Goodbye : __main__.
Mon, 02 Mar 2020 19:48:42 -  - - - - - - - - - - - - - - - - - - - - - - - - - - - -  : __main__.
Mon, 02 Mar 2020 19:48:42 -   INITIAL CONFIGURATION COMPLETE   : __main__.
Mon, 02 Mar 2020 19:48:42 - 'HOME' path is: /home/greg/out : __main__.
Mon, 02 Mar 2020 19:48:42 -  Top of try : __main__.
Mon, 02 Mar 2020 19:48:57 -  - - - - - - - - - - - - - - - - - - - - -  : __main__.
Mon, 02 Mar 2020 19:48:57 - Cleaning up : __main__.
Mon, 02 Mar 2020 19:48:57 - Shutting down gracefully : __main__.
Mon, 02 Mar 2020 19:48:57 - Finished SignalHandler : __main__.
Mon, 02 Mar 2020 19:48:57 - That's all folks.  Goodbye : __main__.
Mon, 02 Mar 2020 19:52:10 -  - - - - - - - - - - - - - - - - - - - - - - - - - - - -  : __main__.
Mon, 02 Mar 2020 19:52:10 -   INITIAL CONFIGURATION COMPLETE   : __main__.
Mon, 02 Mar 2020 19:52:10 - 'HOME' path is: /home/greg/out : __main__.
Mon, 02 Mar 2020 19:52:10 -  Top of try : __main__.
Mon, 02 Mar 2020 19:53:42 -  - - - - - - - - - - - - - - - - - - - - -  : __main__.
Mon, 02 Mar 2020 19:53:42 - Cleaning up : __main__.
Mon, 02 Mar 2020 19:53:42 - Shutting down gracefully : __main__.
Mon, 02 Mar 2020 19:53:42 - Finished SignalHandler : __main__.
Mon, 02 Mar 2020 19:53:42 - That's all folks.  Goodbye : __main__.
Mon, 02 Mar 2020 19:54:15 -  - - - - - - - - - - - - - - - - - - - - - - - - - - - -  : __main__.
Mon, 02 Mar 2020 19:54:15 -   INITIAL CONFIGURATION COMPLETE   : __main__.
Mon, 02 Mar 2020 19:54:15 - 'HOME' path is: /home/greg/out : __main__.
Mon, 02 Mar 2020 19:54:15 -  Top of try : __main__.
Mon, 02 Mar 2020 19:54:35 -  - - - - - - - - - - - - - - - - - - - - -  : __main__.
Mon, 02 Mar 2020 19:54:35 - Cleaning up : __main__.
Mon, 02 Mar 2020 19:54:35 - Shutting down gracefully : __main__.
Mon, 02 Mar 2020 19:54:35 - Finished SignalHandler : __main__.
Mon, 02 Mar 2020 19:54:35 - That's all folks.  Goodbye : __main__.
Mon, 02 Mar 2020 20:02:07 -  - - - - - - - - - - - - - - - - - - - - - - - - - - - -  : __main__.
Mon, 02 Mar 2020 20:02:07 -   INITIAL CONFIGURATION COMPLETE   : __main__.
Mon, 02 Mar 2020 20:02:07 - 'HOME' path is: /home/greg/out : __main__.
Mon, 02 Mar 2020 20:02:07 -  Top of try : __main__.
Mon, 02 Mar 2020 20:02:26 -  - - - - - - - - - - - - - - - - - - - - -  : __main__.
Mon, 02 Mar 2020 20:02:26 - Cleaning up : __main__.
Mon, 02 Mar 2020 20:02:26 - Shutting down gracefully : __main__.
Mon, 02 Mar 2020 20:02:26 - Finished SignalHandler : __main__.
Mon, 02 Mar 2020 20:02:26 - That's all folks.  Goodbye : __main__.
Mon, 02 Mar 2020 20:03:27 -  - - - - - - - - - - - - - - - - - - - - - - - - - - - -  : __main__.
Mon, 02 Mar 2020 20:03:27 -   INITIAL CONFIGURATION COMPLETE   : __main__.
Mon, 02 Mar 2020 20:03:27 - 'HOME' path is: /home/greg/out : __main__.
Mon, 02 Mar 2020 20:03:27 -  Top of try : __main__.
Mon, 02 Mar 2020 20:03:44 -  - - - - - - - - - - - - - - - - - - - - -  : __main__.
Mon, 02 Mar 2020 20:03:44 - Cleaning up : __main__.
Mon, 02 Mar 2020 20:03:44 - Shutting down gracefully : __main__.
Mon, 02 Mar 2020 20:03:44 - Finished SignalHandler : __main__.
Mon, 02 Mar 2020 20:03:44 - That's all folks.  Goodbye : __main__.
Mon, 02 Mar 2020 20:04:30 -  - - - - - - - - - - - - - - - - - - - - - - - - - - - -  : __main__.
Mon, 02 Mar 2020 20:04:30 -   INITIAL CONFIGURATION COMPLETE   : __main__.
Mon, 02 Mar 2020 20:04:30 - 'HOME' path is: /home/greg/out : __main__.
Mon, 02 Mar 2020 20:04:30 -  Top of try : __main__.
Mon, 02 Mar 2020 20:04:46 -  - - - - - - - - - - - - - - - - - - - - -  : __main__.
Mon, 02 Mar 2020 20:04:46 - Cleaning up : __main__.
Mon, 02 Mar 2020 20:04:46 - Shutting down gracefully : __main__.
Mon, 02 Mar 2020 20:04:46 - Finished SignalHandler : __main__.
Mon, 02 Mar 2020 20:04:46 - That's all folks.  Goodbye : __main__.
Mon, 02 Mar 2020 20:06:22 -  - - - - - - - - - - - - - - - - - - - - - - - - - - - -  : __main__.
Mon, 02 Mar 2020 20:06:22 -   INITIAL CONFIGURATION COMPLETE   : __main__.
Mon, 02 Mar 2020 20:06:22 - 'HOME' path is: /home/greg/out : __main__.
Mon, 02 Mar 2020 20:06:22 -  Top of try : __main__.
Mon, 02 Mar 2020 20:06:35 -  - - - - - - - - - - - - - - - - - - - - -  : __main__.
Mon, 02 Mar 2020 20:06:35 - Cleaning up : __main__.
Mon, 02 Mar 2020 20:06:35 - Shutting down gracefully : __main__.
Mon, 02 Mar 2020 20:06:35 - Finished SignalHandler : __main__.
Mon, 02 Mar 2020 20:06:35 - That's all folks.  Goodbye : __main__.
Mon, 02 Mar 2020 20:09:05 -  - - - - - - - - - - - - - - - - - - - - - - - - - - - -  : __main__.
Mon, 02 Mar 2020 20:09:05 -   INITIAL CONFIGURATION COMPLETE   : __main__.
Mon, 02 Mar 2020 20:09:05 - 'HOME' path is: /home/greg/out : __main__.
Mon, 02 Mar 2020 20:09:05 -  Top of try : __main__.
Mon, 02 Mar 2020 20:09:28 -  - - - - - - - - - - - - - - - - - - - - -  : __main__.
Mon, 02 Mar 2020 20:09:28 - Cleaning up : __main__.
Mon, 02 Mar 2020 20:09:28 - Shutting down gracefully : __main__.
Mon, 02 Mar 2020 20:09:28 - Finished SignalHandler : __main__.
Mon, 02 Mar 2020 20:09:28 - That's all folks.  Goodbye : __main__.
Mon, 02 Mar 2020 20:09:30 -  - - - - - - - - - - - - - - - - - - - - - - - - - - - -  : __main__.
Mon, 02 Mar 2020 20:09:30 -   INITIAL CONFIGURATION COMPLETE   : __main__.
Mon, 02 Mar 2020 20:09:30 - 'HOME' path is: /home/greg/out : __main__.
Mon, 02 Mar 2020 20:09:30 -  Top of try : __main__.
Mon, 02 Mar 2020 20:10:04 -  - - - - - - - - - - - - - - - - - - - - -  : __main__.
Mon, 02 Mar 2020 20:10:04 - Cleaning up : __main__.
Mon, 02 Mar 2020 20:10:04 - Shutting down gracefully : __main__.
Mon, 02 Mar 2020 20:10:04 - Finished SignalHandler : __main__.
Mon, 02 Mar 2020 20:10:04 - That's all folks.  Goodbye : __main__.
Mon, 02 Mar 2020 20:14:40 -  - - - - - - - - - - - - - - - - - - - - - - - - - - - -  : __main__.
Mon, 02 Mar 2020 20:14:40 -   INITIAL CONFIGURATION COMPLETE   : __main__.
Mon, 02 Mar 2020 20:14:40 - 'HOME' path is: /home/greg/out : __main__.
Mon, 02 Mar 2020 20:14:40 -  Top of try : __main__.
Mon, 02 Mar 2020 20:16:07 -  - - - - - - - - - - - - - - - - - - - - -  : __main__.
Mon, 02 Mar 2020 20:16:07 - Cleaning up : __main__.
Mon, 02 Mar 2020 20:16:07 - Shutting down gracefully : __main__.
Mon, 02 Mar 2020 20:16:07 - Finished SignalHandler : __main__.
Mon, 02 Mar 2020 20:16:07 - That's all folks.  Goodbye : __main__.
Mon, 02 Mar 2020 20:16:09 -  - - - - - - - - - - - - - - - - - - - - - - - - - - - -  : __main__.
Mon, 02 Mar 2020 20:16:09 -   INITIAL CONFIGURATION COMPLETE   : __main__.
Mon, 02 Mar 2020 20:16:09 - 'HOME' path is: /home/greg/out : __main__.
Mon, 02 Mar 2020 20:16:09 -  Top of try : __main__.
Mon, 02 Mar 2020 20:20:25 -  - - - - - - - - - - - - - - - - - - - - -  : __main__.
Mon, 02 Mar 2020 20:20:25 - Cleaning up : __main__.
Mon, 02 Mar 2020 20:20:25 - Shutting down gracefully : __main__.
Mon, 02 Mar 2020 20:20:25 - Finished SignalHandler : __main__.
Mon, 02 Mar 2020 20:20:25 - That's all folks.  Goodbye : __main__.
Mon, 02 Mar 2020 20:20:41 -  - - - - - - - - - - - - - - - - - - - - - - - - - - - -  : __main__.
Mon, 02 Mar 2020 20:20:41 -   INITIAL CONFIGURATION COMPLETE   : __main__.
Mon, 02 Mar 2020 20:20:41 - 'HOME' path is: /home/greg/out : __main__.
Mon, 02 Mar 2020 20:20:41 -  Top of try : __main__.
Mon, 02 Mar 2020 20:20:52 -  - - - - - - - - - - - - - - - - - - - - -  : __main__.
Mon, 02 Mar 2020 20:20:52 - Cleaning up : __main__.
Mon, 02 Mar 2020 20:20:52 - Shutting down gracefully : __main__.
Mon, 02 Mar 2020 20:20:52 - Finished SignalHandler : __main__.
Mon, 02 Mar 2020 20:20:52 - That's all folks.  Goodbye : __main__.
Mon, 02 Mar 2020 20:24:01 -  - - - - - - - - - - - - - - - - - - - - - - - - - - - -  : __main__.
Mon, 02 Mar 2020 20:24:01 -   INITIAL CONFIGURATION COMPLETE   : __main__.
Mon, 02 Mar 2020 20:24:01 - 'HOME' path is: /home/greg/out : __main__.
Mon, 02 Mar 2020 20:24:01 -  Top of try : __main__.
Mon, 02 Mar 2020 20:24:12 -  - - - - - - - - - - - - - - - - - - - - -  : __main__.
Mon, 02 Mar 2020 20:24:12 - Cleaning up : __main__.
Mon, 02 Mar 2020 20:24:12 - Shutting down gracefully : __main__.
Mon, 02 Mar 2020 20:24:12 - Finished SignalHandler : __main__.
Mon, 02 Mar 2020 20:24:12 - That's all folks.  Goodbye : __main__.
Mon, 02 Mar 2020 20:24:22 -  - - - - - - - - - - - - - - - - - - - - - - - - - - - -  : __main__.
Mon, 02 Mar 2020 20:24:22 -   INITIAL CONFIGURATION COMPLETE   : __main__.
Mon, 02 Mar 2020 20:24:22 - 'HOME' path is: /home/greg/out : __main__.
Mon, 02 Mar 2020 20:24:22 -  Top of try : __main__.
Mon, 02 Mar 2020 20:25:36 -  - - - - - - - - - - - - - - - - - - - - -  : __main__.
Mon, 02 Mar 2020 20:25:36 - Cleaning up : __main__.
Mon, 02 Mar 2020 20:25:36 - Shutting down gracefully : __main__.
Mon, 02 Mar 2020 20:25:36 - Finished SignalHandler : __main__.
Mon, 02 Mar 2020 20:25:36 - That's all folks.  Goodbye : __main__.
Mon, 02 Mar 2020 20:25:44 -  - - - - - - - - - - - - - - - - - - - - - - - - - - - -  : __main__.
Mon, 02 Mar 2020 20:25:44 -   INITIAL CONFIGURATION COMPLETE   : __main__.
Mon, 02 Mar 2020 20:25:44 - 'HOME' path is: /home/greg/out : __main__.
Mon, 02 Mar 2020 20:25:44 -  Top of try : __main__.
Mon, 02 Mar 2020 20:26:24 -  - - - - - - - - - - - - - - - - - - - - -  : __main__.
Mon, 02 Mar 2020 20:26:24 - Cleaning up : __main__.
Mon, 02 Mar 2020 20:26:24 - Shutting down gracefully : __main__.
Mon, 02 Mar 2020 20:26:24 - Finished SignalHandler : __main__.
Mon, 02 Mar 2020 20:26:24 - That's all folks.  Goodbye : __main__.
Mon, 02 Mar 2020 20:26:29 -  - - - - - - - - - - - - - - - - - - - - - - - - - - - -  : __main__.
Mon, 02 Mar 2020 20:26:29 -   INITIAL CONFIGURATION COMPLETE   : __main__.
Mon, 02 Mar 2020 20:26:29 - 'HOME' path is: /home/greg/out : __main__.
Mon, 02 Mar 2020 20:26:29 -  Top of try : __main__.
Mon, 02 Mar 2020 20:26:56 -  - - - - - - - - - - - - - - - - - - - - -  : __main__.
Mon, 02 Mar 2020 20:26:56 - Cleaning up : __main__.
Mon, 02 Mar 2020 20:26:56 - Shutting down gracefully : __main__.
Mon, 02 Mar 2020 20:26:56 - Finished SignalHandler : __main__.
Mon, 02 Mar 2020 20:26:56 - That's all folks.  Goodbye : __main__.
Mon, 02 Mar 2020 20:27:33 -  - - - - - - - - - - - - - - - - - - - - - - - - - - - -  : __main__.
Mon, 02 Mar 2020 20:27:33 -   INITIAL CONFIGURATION COMPLETE   : __main__.
Mon, 02 Mar 2020 20:27:33 - 'HOME' path is: /home/greg/out : __main__.
Mon, 02 Mar 2020 20:27:33 -  Top of try : __main__.
Mon, 02 Mar 2020 20:29:47 -  - - - - - - - - - - - - - - - - - - - - -  : __main__.
Mon, 02 Mar 2020 20:29:47 - Cleaning up : __main__.
Mon, 02 Mar 2020 20:29:47 - Shutting down gracefully : __main__.
Mon, 02 Mar 2020 20:29:47 - Finished SignalHandler : __main__.
Mon, 02 Mar 2020 20:29:47 - That's all folks.  Goodbye : __main__.
Mon, 02 Mar 2020 20:30:56 -  - - - - - - - - - - - - - - - - - - - - - - - - - - - -  : __main__.
Mon, 02 Mar 2020 20:30:56 -   INITIAL CONFIGURATION COMPLETE   : __main__.
Mon, 02 Mar 2020 20:30:56 - 'HOME' path is: /home/greg/out : __main__.
Mon, 02 Mar 2020 20:30:56 -  Top of try : __main__.
Mon, 02 Mar 2020 20:35:33 -  - - - - - - - - - - - - - - - - - - - - - - - - - - - -  : outMain.
Mon, 02 Mar 2020 20:35:33 -   INITIAL CONFIGURATION COMPLETE   : outMain.
Mon, 02 Mar 2020 20:35:33 - 'HOME' path is: /home/greg/out : outMain.
Mon, 02 Mar 2020 20:35:34 -  * Running on http://0.0.0.0:5000/ (Press CTRL+C to quit) : werkzeug.
Mon, 02 Mar 2020 20:35:49 - 192.168.1.58 - - [02/Mar/2020 20:35:49] "GET / HTTP/1.1" 200 - : werkzeug.
Mon, 02 Mar 2020 20:35:50 - 192.168.1.58 - - [02/Mar/2020 20:35:50] "GET /favicon.ico HTTP/1.1" 404 - : werkzeug.
Mon, 02 Mar 2020 20:36:07 - 192.168.1.58 - - [02/Mar/2020 20:36:07] "GET / HTTP/1.1" 200 - : werkzeug.
Mon, 02 Mar 2020 20:36:24 - 192.168.1.58 - - [02/Mar/2020 20:36:24] "GET / HTTP/1.1" 200 - : werkzeug.
Mon, 02 Mar 2020 20:36:31 -  - - - - - - - - - - - - - - - - - - - - - - - - - - - -  : outMain.
Mon, 02 Mar 2020 20:36:31 -   INITIAL CONFIGURATION COMPLETE   : outMain.
Mon, 02 Mar 2020 20:36:31 - 'HOME' path is: /home/greg/out : outMain.
Mon, 02 Mar 2020 20:36:31 -  * Running on http://0.0.0.0:5000/ (Press CTRL+C to quit) : werkzeug.
Mon, 02 Mar 2020 20:36:41 - 192.168.1.58 - - [02/Mar/2020 20:36:41] "GET / HTTP/1.1" 200 - : werkzeug.
Mon, 02 Mar 2020 20:36:53 - 192.168.1.58 - - [02/Mar/2020 20:36:53] "GET / HTTP/1.1" 200 - : werkzeug.
Mon, 02 Mar 2020 20:37:05 - 192.168.1.58 - - [02/Mar/2020 20:37:05] "GET / HTTP/1.1" 200 - : werkzeug.
Mon, 02 Mar 2020 20:37:22 - 192.168.1.58 - - [02/Mar/2020 20:37:22] "GET / HTTP/1.1" 200 - : werkzeug.
Mon, 02 Mar 2020 20:40:19 -  - - - - - - - - - - - - - - - - - - - - -  : __main__.
Mon, 02 Mar 2020 20:40:19 - Cleaning up : __main__.
Mon, 02 Mar 2020 20:40:19 - Shutting down gracefully : __main__.
Mon, 02 Mar 2020 20:40:19 - Finished SignalHandler : __main__.
Mon, 02 Mar 2020 20:40:19 - That's all folks.  Goodbye : __main__.
Mon, 02 Mar 2020 20:40:19 -  - - - - - - - - - - - - - - - - - - - - -  : __main__.
Mon, 02 Mar 2020 20:40:19 - Cleaning up : __main__.
Mon, 02 Mar 2020 20:40:19 - Shutting down gracefully : __main__.
Mon, 02 Mar 2020 20:40:19 - Finished SignalHandler : __main__.
Mon, 02 Mar 2020 20:40:19 - That's all folks.  Goodbye : __main__.
Mon, 02 Mar 2020 20:47:51 -  - - - - - - - - - - - - - - - - - - - - - - - - - - - -  : __main__.
Mon, 02 Mar 2020 20:47:51 -   INITIAL CONFIGURATION COMPLETE   : __main__.
Mon, 02 Mar 2020 20:47:51 - 'HOME' path is: /home/greg/out : __main__.
Mon, 02 Mar 2020 20:47:51 -  Top of try : __main__.
Mon, 02 Mar 2020 20:48:09 -  - - - - - - - - - - - - - - - - - - - - - - - - - - - -  : outMain.
Mon, 02 Mar 2020 20:48:09 -   INITIAL CONFIGURATION COMPLETE   : outMain.
Mon, 02 Mar 2020 20:48:09 - 'HOME' path is: /home/greg/out : outMain.
Mon, 02 Mar 2020 20:49:21 -  - - - - - - - - - - - - - - - - - - - - - - - - - - - -  : outMain.
Mon, 02 Mar 2020 20:49:21 -   INITIAL CONFIGURATION COMPLETE   : outMain.
Mon, 02 Mar 2020 20:49:21 - 'HOME' path is: /home/greg/out : outMain.
Mon, 02 Mar 2020 20:51:18 -  - - - - - - - - - - - - - - - - - - - - -  : __main__.
Mon, 02 Mar 2020 20:51:18 - Cleaning up : __main__.
Mon, 02 Mar 2020 20:51:18 -  - - - - - - - - - - - - - - - - - - - - -  : __main__.
Mon, 02 Mar 2020 20:51:18 - Cleaning up : __main__.
Mon, 02 Mar 2020 20:51:18 - Shutting down gracefully : __main__.
Mon, 02 Mar 2020 20:51:18 - Finished SignalHandler : __main__.
Mon, 02 Mar 2020 20:51:18 - That's all folks.  Goodbye : __main__.
Mon, 02 Mar 2020 20:51:24 -  - - - - - - - - - - - - - - - - - - - - - - - - - - - -  : outMain.
Mon, 02 Mar 2020 20:51:24 -   INITIAL CONFIGURATION COMPLETE   : outMain.
Mon, 02 Mar 2020 20:51:24 - 'HOME' path is: /home/greg/out : outMain.
Mon, 02 Mar 2020 20:55:15 -  - - - - - - - - - - - - - - - - - - - - - - - - - - - -  : outMain.
Mon, 02 Mar 2020 20:55:15 -   INITIAL CONFIGURATION COMPLETE   : outMain.
Mon, 02 Mar 2020 20:55:15 - 'HOME' path is: /home/greg/out : outMain.
Tue, 03 Mar 2020 06:22:29 -  - - - - - - - - - - - - - - - - - - - - - - - - - - - -  : outMain.
Tue, 03 Mar 2020 06:22:29 -   INITIAL CONFIGURATION COMPLETE   : outMain.
Tue, 03 Mar 2020 06:22:29 - 'HOME' path is: /home/greg/out : outMain.
Tue, 03 Mar 2020 06:23:21 -  - - - - - - - - - - - - - - - - - - - - - - - - - - - -  : __main__.
Tue, 03 Mar 2020 06:23:21 -   INITIAL CONFIGURATION COMPLETE   : __main__.
Tue, 03 Mar 2020 06:23:21 - 'HOME' path is: /home/greg/out : __main__.
Tue, 03 Mar 2020 06:23:21 -  Top of try : __main__.
Tue, 03 Mar 2020 06:23:21 - [<_MainThread(MainThread, started 3069270736)>, <Thread(Thread-1, started 3058275424)>, <Thread(Thread-2, started 3048207456)>] : __main__.
Tue, 03 Mar 2020 06:23:33 -  - - - - - - - - - - - - - - - - - - - - - - - - - - - -  : outMain.
Tue, 03 Mar 2020 06:23:33 -   INITIAL CONFIGURATION COMPLETE   : outMain.
Tue, 03 Mar 2020 06:23:33 - 'HOME' path is: /home/greg/out : outMain.
Tue, 03 Mar 2020 06:28:46 -  - - - - - - - - - - - - - - - - - - - - -  : __main__.
Tue, 03 Mar 2020 06:28:46 - Cleaning up : __main__.
Tue, 03 Mar 2020 06:28:46 -  - - - - - - - - - - - - - - - - - - - - -  : __main__.
Tue, 03 Mar 2020 06:28:46 - Cleaning up : __main__.
Tue, 03 Mar 2020 06:28:46 - Shutting down gracefully : __main__.
Tue, 03 Mar 2020 06:28:46 - Finished SignalHandler : __main__.
Tue, 03 Mar 2020 06:28:46 - That's all folks.  Goodbye : __main__.
Tue, 03 Mar 2020 06:28:56 -  - - - - - - - - - - - - - - - - - - - - - - - - - - - -  : outMain.
Tue, 03 Mar 2020 06:28:56 -   INITIAL CONFIGURATION COMPLETE   : outMain.
Tue, 03 Mar 2020 06:28:56 - 'HOME' path is: /home/greg/out : outMain.
Tue, 03 Mar 2020 06:29:48 -  - - - - - - - - - - - - - - - - - - - - - - - - - - - -  : outMain.
Tue, 03 Mar 2020 06:29:48 -   INITIAL CONFIGURATION COMPLETE   : outMain.
Tue, 03 Mar 2020 06:29:48 - 'HOME' path is: /home/greg/out : outMain.
Tue, 03 Mar 2020 06:30:17 -  - - - - - - - - - - - - - - - - - - - - - - - - - - - -  : outMain.
Tue, 03 Mar 2020 06:30:17 -   INITIAL CONFIGURATION COMPLETE   : outMain.
Tue, 03 Mar 2020 06:30:17 - 'HOME' path is: /home/greg/out : outMain.
Tue, 03 Mar 2020 07:20:36 -  - - - - - - - - - - - - - - - - - - - - - - - - - - - -  : outMain.
Tue, 03 Mar 2020 07:20:36 -   INITIAL CONFIGURATION COMPLETE   : outMain.
Tue, 03 Mar 2020 07:20:36 - 'HOME' path is: /home/greg/out : outMain.
Tue, 03 Mar 2020 14:54:20 -  - - - - - - - - - - - - - - - - - - - - - - - - - - - -  : outMain.
Tue, 03 Mar 2020 14:54:20 -   INITIAL CONFIGURATION COMPLETE   : outMain.
Tue, 03 Mar 2020 14:54:20 - 'HOME' path is: /home/greg/out : outMain.
Wed, 04 Mar 2020 06:46:04 -  - - - - - - - - - - - - - - - - - - - - - - - - - - - -  : outMain.
Wed, 04 Mar 2020 06:46:04 -   INITIAL CONFIGURATION COMPLETE   : outMain.
Wed, 04 Mar 2020 06:46:04 - 'HOME' path is: /home/greg/out : outMain.
Thu, 12 Mar 2020 16:04:47 -  - - - - - - - - - - - - - - - - - - - - - - - - - - - -  : outMain.
Thu, 12 Mar 2020 16:04:47 -   INITIAL CONFIGURATION COMPLETE   : outMain.
Thu, 12 Mar 2020 16:04:47 - 'HOME' path is: /home/greg/out : outMain.
Fri, 13 Mar 2020 13:58:59 -  - - - - - - - - - - - - - - - - - - - - - - - - - - - -  : outMain.
Fri, 13 Mar 2020 13:58:59 -   INITIAL CONFIGURATION COMPLETE   : outMain.
Fri, 13 Mar 2020 13:58:59 - 'HOME' path is: /home/greg/out : outMain.
Sat, 14 Mar 2020 15:47:18 -  - - - - - - - - - - - - - - - - - - - - - - - - - - - -  : outMain.
Sat, 14 Mar 2020 15:47:18 -   INITIAL CONFIGURATION COMPLETE   : outMain.
Sat, 14 Mar 2020 15:47:18 - 'HOME' path is: /home/greg/out : outMain.
Sun, 15 Mar 2020 07:37:49 -  - - - - - - - - - - - - - - - - - - - - - - - - - - - -  : outMain.
Sun, 15 Mar 2020 07:37:49 -   INITIAL CONFIGURATION COMPLETE   : outMain.
Sun, 15 Mar 2020 07:37:49 - 'HOME' path is: /home/greg/out : outMain.
Sun, 15 Mar 2020 08:57:33 -  - - - - - - - - - - - - - - - - - - - - - - - - - - - -  : outMain.
Sun, 15 Mar 2020 08:57:33 -   INITIAL CONFIGURATION COMPLETE   : outMain.
Sun, 15 Mar 2020 08:57:33 - 'HOME' path is: /home/greg/out : outMain.
Sun, 15 Mar 2020 17:03:02 -  - - - - - - - - - - - - - - - - - - - - - - - - - - - -  : outMain.
Sun, 15 Mar 2020 17:03:02 -   INITIAL CONFIGURATION COMPLETE   : outMain.
Sun, 15 Mar 2020 17:03:02 - 'HOME' path is: /home/greg/out : outMain.
Sun, 15 Mar 2020 16:38:24 -  - - - - - - - - - - - - - - - - - - - - - - - - - - - -  : outMain.
Sun, 15 Mar 2020 16:38:24 -   INITIAL CONFIGURATION COMPLETE   : outMain.
Sun, 15 Mar 2020 16:38:24 - 'HOME' path is: /home/greg/out : outMain.
Sun, 15 Mar 2020 17:14:38 -  - - - - - - - - - - - - - - - - - - - - - - - - - - - -  : outMain.
Sun, 15 Mar 2020 17:14:38 -   INITIAL CONFIGURATION COMPLETE   : outMain.
Sun, 15 Mar 2020 17:14:38 - 'HOME' path is: /home/greg/out : outMain.
Sun, 15 Mar 2020 17:21:22 -  - - - - - - - - - - - - - - - - - - - - - - - - - - - -  : outMain.
Sun, 15 Mar 2020 17:21:22 -   INITIAL CONFIGURATION COMPLETE   : outMain.
Sun, 15 Mar 2020 17:21:22 - 'HOME' path is: /home/greg/out : outMain.
Sun, 15 Mar 2020 17:26:08 -  - - - - - - - - - - - - - - - - - - - - - - - - - - - -  : outMain.
Sun, 15 Mar 2020 17:26:08 -   INITIAL CONFIGURATION COMPLETE   : outMain.
Sun, 15 Mar 2020 17:26:08 - 'HOME' path is: /home/greg/out : outMain.
Sun, 15 Mar 2020 17:31:27 -  - - - - - - - - - - - - - - - - - - - - - - - - - - - -  : outMain.
Sun, 15 Mar 2020 17:31:27 -   INITIAL CONFIGURATION COMPLETE   : outMain.
Sun, 15 Mar 2020 17:31:27 - 'HOME' path is: /home/greg/out : outMain.
Sun, 15 Mar 2020 18:10:26 -  - - - - - - - - - - - - - - - - - - - - - - - - - - - -  : outMain.
Sun, 15 Mar 2020 18:10:26 -   INITIAL CONFIGURATION COMPLETE   : outMain.
Sun, 15 Mar 2020 18:10:26 - 'HOME' path is: /home/greg/out : outMain.
Mon, 16 Mar 2020 08:34:54 - Exception on / [GET] : outWeb.
Traceback (most recent call last):
  File "/usr/local/lib/python3.7/dist-packages/flask/app.py", line 2446, in wsgi_app
    response = self.full_dispatch_request()
  File "/usr/local/lib/python3.7/dist-packages/flask/app.py", line 1951, in full_dispatch_request
    rv = self.handle_user_exception(e)
  File "/usr/local/lib/python3.7/dist-packages/flask/app.py", line 1820, in handle_user_exception
    reraise(exc_type, exc_value, tb)
  File "/usr/local/lib/python3.7/dist-packages/flask/_compat.py", line 39, in reraise
    raise value
  File "/usr/local/lib/python3.7/dist-packages/flask/app.py", line 1949, in full_dispatch_request
    rv = self.dispatch_request()
  File "/usr/local/lib/python3.7/dist-packages/flask/app.py", line 1935, in dispatch_request
    return self.view_functions[rule.endpoint](**req.view_args)
  File "/home/greg/out/outWeb.py", line 67, in main
    tempC,tempF,pres,pressNA,humid,preHum,kph,mph,wd,rainF,cpuT = allSensors()
  File "/home/greg/out/outMain.py", line 75, in allSensors
    kph,mph = calcSpd()
  File "/home/greg/out/outMain.py", line 87, in calcSpd
    pulse,elapse,start = windSpd.wsPulse()
  File "/home/greg/out/windSpd.py", line 34, in wsPulse
    pRtn = GPIO.wait_for_edge(16, GPIO.FALLING,timeout=1000)
RuntimeError: Error waiting for edge
Mon, 16 Mar 2020 08:34:56 - Exception on / [GET] : outWeb.
Traceback (most recent call last):
  File "/usr/local/lib/python3.7/dist-packages/flask/app.py", line 2446, in wsgi_app
    response = self.full_dispatch_request()
  File "/usr/local/lib/python3.7/dist-packages/flask/app.py", line 1951, in full_dispatch_request
    rv = self.handle_user_exception(e)
  File "/usr/local/lib/python3.7/dist-packages/flask/app.py", line 1820, in handle_user_exception
    reraise(exc_type, exc_value, tb)
  File "/usr/local/lib/python3.7/dist-packages/flask/_compat.py", line 39, in reraise
    raise value
  File "/usr/local/lib/python3.7/dist-packages/flask/app.py", line 1949, in full_dispatch_request
    rv = self.dispatch_request()
  File "/usr/local/lib/python3.7/dist-packages/flask/app.py", line 1935, in dispatch_request
    return self.view_functions[rule.endpoint](**req.view_args)
  File "/home/greg/out/outWeb.py", line 67, in main
    tempC,tempF,pres,pressNA,humid,preHum,kph,mph,wd,rainF,cpuT = allSensors()
  File "/home/greg/out/outMain.py", line 75, in allSensors
    kph,mph = calcSpd()
  File "/home/greg/out/outMain.py", line 87, in calcSpd
    pulse,elapse,start = windSpd.wsPulse()
  File "/home/greg/out/windSpd.py", line 34, in wsPulse
    pRtn = GPIO.wait_for_edge(16, GPIO.FALLING,timeout=1000)
RuntimeError: Error waiting for edge
Mon, 16 Mar 2020 08:57:14 - Exception on / [GET] : outWeb.
Traceback (most recent call last):
  File "/usr/local/lib/python3.7/dist-packages/flask/app.py", line 2446, in wsgi_app
    response = self.full_dispatch_request()
  File "/usr/local/lib/python3.7/dist-packages/flask/app.py", line 1951, in full_dispatch_request
    rv = self.handle_user_exception(e)
  File "/usr/local/lib/python3.7/dist-packages/flask/app.py", line 1820, in handle_user_exception
    reraise(exc_type, exc_value, tb)
  File "/usr/local/lib/python3.7/dist-packages/flask/_compat.py", line 39, in reraise
    raise value
  File "/usr/local/lib/python3.7/dist-packages/flask/app.py", line 1949, in full_dispatch_request
    rv = self.dispatch_request()
  File "/usr/local/lib/python3.7/dist-packages/flask/app.py", line 1935, in dispatch_request
    return self.view_functions[rule.endpoint](**req.view_args)
  File "/home/greg/out/outWeb.py", line 67, in main
    tempC,tempF,pres,pressNA,humid,preHum,kph,mph,wd,rainF,cpuT = allSensors()
  File "/home/greg/out/outMain.py", line 75, in allSensors
    kph,mph = calcSpd()
  File "/home/greg/out/outMain.py", line 87, in calcSpd
    pulse,elapse,start = windSpd.wsPulse()
  File "/home/greg/out/windSpd.py", line 34, in wsPulse
    pRtn = GPIO.wait_for_edge(16, GPIO.FALLING,timeout=1000)
RuntimeError: Error waiting for edge
Mon, 16 Mar 2020 08:57:16 - Exception on / [GET] : outWeb.
Traceback (most recent call last):
  File "/usr/local/lib/python3.7/dist-packages/flask/app.py", line 2446, in wsgi_app
    response = self.full_dispatch_request()
  File "/usr/local/lib/python3.7/dist-packages/flask/app.py", line 1951, in full_dispatch_request
    rv = self.handle_user_exception(e)
  File "/usr/local/lib/python3.7/dist-packages/flask/app.py", line 1820, in handle_user_exception
    reraise(exc_type, exc_value, tb)
  File "/usr/local/lib/python3.7/dist-packages/flask/_compat.py", line 39, in reraise
    raise value
  File "/usr/local/lib/python3.7/dist-packages/flask/app.py", line 1949, in full_dispatch_request
    rv = self.dispatch_request()
  File "/usr/local/lib/python3.7/dist-packages/flask/app.py", line 1935, in dispatch_request
    return self.view_functions[rule.endpoint](**req.view_args)
  File "/home/greg/out/outWeb.py", line 67, in main
    tempC,tempF,pres,pressNA,humid,preHum,kph,mph,wd,rainF,cpuT = allSensors()
  File "/home/greg/out/outMain.py", line 75, in allSensors
    kph,mph = calcSpd()
  File "/home/greg/out/outMain.py", line 87, in calcSpd
    pulse,elapse,start = windSpd.wsPulse()
  File "/home/greg/out/windSpd.py", line 34, in wsPulse
    pRtn = GPIO.wait_for_edge(16, GPIO.FALLING,timeout=1000)
RuntimeError: Error waiting for edge
Mon, 16 Mar 2020 09:24:49 - Exception on / [GET] : outWeb.
Traceback (most recent call last):
  File "/usr/local/lib/python3.7/dist-packages/flask/app.py", line 2446, in wsgi_app
    response = self.full_dispatch_request()
  File "/usr/local/lib/python3.7/dist-packages/flask/app.py", line 1951, in full_dispatch_request
    rv = self.handle_user_exception(e)
  File "/usr/local/lib/python3.7/dist-packages/flask/app.py", line 1820, in handle_user_exception
    reraise(exc_type, exc_value, tb)
  File "/usr/local/lib/python3.7/dist-packages/flask/_compat.py", line 39, in reraise
    raise value
  File "/usr/local/lib/python3.7/dist-packages/flask/app.py", line 1949, in full_dispatch_request
    rv = self.dispatch_request()
  File "/usr/local/lib/python3.7/dist-packages/flask/app.py", line 1935, in dispatch_request
    return self.view_functions[rule.endpoint](**req.view_args)
  File "/home/greg/out/outWeb.py", line 67, in main
    tempC,tempF,pres,pressNA,humid,preHum,kph,mph,wd,rainF,cpuT = allSensors()
  File "/home/greg/out/outMain.py", line 75, in allSensors
    kph,mph = calcSpd()
  File "/home/greg/out/outMain.py", line 87, in calcSpd
    pulse,elapse,start = windSpd.wsPulse()
  File "/home/greg/out/windSpd.py", line 34, in wsPulse
    pRtn = GPIO.wait_for_edge(16, GPIO.FALLING,timeout=1000)
RuntimeError: Error waiting for edge
Mon, 16 Mar 2020 10:28:07 -  - - - - - - - - - - - - - - - - - - - - - - - - - - - -  : outMain.
Mon, 16 Mar 2020 10:28:07 -   INITIAL CONFIGURATION COMPLETE   : outMain.
Mon, 16 Mar 2020 10:28:07 - 'HOME' path is: /home/greg/out : outMain.
Thu, 19 Mar 2020 05:33:03 -  - - - - - - - - - - - - - - - - - - - - - - - - - - - -  : outMain.
Thu, 19 Mar 2020 05:33:03 -   INITIAL CONFIGURATION COMPLETE   : outMain.
Thu, 19 Mar 2020 05:33:03 - 'HOME' path is: /home/greg/out : outMain.
Thu, 19 Mar 2020 12:45:08 -  - - - - - - - - - - - - - - - - - - - - - - - - - - - -  : outMain.
Thu, 19 Mar 2020 12:45:08 -   INITIAL CONFIGURATION COMPLETE   : outMain.
Thu, 19 Mar 2020 12:45:08 - 'HOME' path is: /home/greg/out : outMain.
Sun, 22 Mar 2020 08:22:50 -  - - - - - - - - - - - - - - - - - - - - - - - - - - - -  : outMain.
Sun, 22 Mar 2020 08:22:50 -   INITIAL CONFIGURATION COMPLETE   : outMain.
Sun, 22 Mar 2020 08:22:50 - 'HOME' path is: /home/greg/out : outMain.
Sun, 22 Mar 2020 12:45:25 -  - - - - - - - - - - - - - - - - - - - - - - - - - - - -  : outMain.
Sun, 22 Mar 2020 12:45:25 -   INITIAL CONFIGURATION COMPLETE   : outMain.
Sun, 22 Mar 2020 12:45:25 - 'HOME' path is: /home/greg/out : outMain.
Sun, 22 Mar 2020 16:47:30 -  - - - - - - - - - - - - - - - - - - - - - - - - - - - -  : outMain.
Sun, 22 Mar 2020 16:47:30 -   INITIAL CONFIGURATION COMPLETE   : outMain.
Sun, 22 Mar 2020 16:47:30 - 'HOME' path is: /home/greg/out : outMain.
Sun, 22 Mar 2020 20:08:20 -  - - - - - - - - - - - - - - - - - - - - - - - - - - - -  : __main__.
Sun, 22 Mar 2020 20:08:20 -   INITIAL CONFIGURATION COMPLETE   : __main__.
Sun, 22 Mar 2020 20:08:20 - 'HOME' path is: /home/greg/out : __main__.
Sun, 22 Mar 2020 20:08:20 -  Top of try : __main__.
Sun, 22 Mar 2020 20:08:20 - [<_MainThread(MainThread, started 3069598416)>, <Thread(Thread-1, started 3050210400)>, <Thread(Thread-2, started 3039818848)>, <Thread(Thread-3, started 3029333088)>] : __main__.
Sun, 22 Mar 2020 20:08:22 - That's all folks.  Goodbye : __main__.
Sun, 22 Mar 2020 20:09:58 -  - - - - - - - - - - - - - - - - - - - - -  : __main__.
Sun, 22 Mar 2020 20:09:58 -  - - - - - - - - - - - - - - - - - - - - - - - - - - - -  : __main__.
Sun, 22 Mar 2020 20:09:58 -   INITIAL CONFIGURATION COMPLETE   : __main__.
Sun, 22 Mar 2020 20:09:58 - 'HOME' path is: /home/greg/out : __main__.
Sun, 22 Mar 2020 20:09:58 -  Top of try : __main__.
Sun, 22 Mar 2020 20:09:58 - [<_MainThread(MainThread, started 3069901520)>, <Thread(Thread-1, started 3050513504)>, <Thread(Thread-2, started 3040867424)>, <Thread(Thread-3, started 3030381664)>] : __main__.
Sun, 22 Mar 2020 20:10:01 - That's all folks.  Goodbye : __main__.
Sun, 22 Mar 2020 20:14:04 -  - - - - - - - - - - - - - - - - - - - - -  : __main__.
Sun, 22 Mar 2020 20:14:04 - Cleaning up : __main__.
Sun, 22 Mar 2020 20:14:04 - Shutting down gracefully : __main__.
Sun, 22 Mar 2020 20:14:04 - Finished SignalHandler : __main__.
Sun, 22 Mar 2020 20:14:04 - That's all folks.  Goodbye : __main__.
Sun, 22 Mar 2020 20:14:04 -  - - - - - - - - - - - - - - - - - - - - -  : __main__.
Sun, 22 Mar 2020 20:14:04 - Cleaning up : __main__.
Sun, 22 Mar 2020 20:14:04 - Shutting down gracefully : __main__.
Sun, 22 Mar 2020 20:14:04 - Finished SignalHandler : __main__.
Sun, 22 Mar 2020 20:14:04 - That's all folks.  Goodbye : __main__.
Sun, 22 Mar 2020 20:14:04 -  - - - - - - - - - - - - - - - - - - - - - - - - - - - -  : __main__.
Sun, 22 Mar 2020 20:14:04 -   INITIAL CONFIGURATION COMPLETE   : __main__.
Sun, 22 Mar 2020 20:14:04 - 'HOME' path is: /home/greg/out : __main__.
Sun, 22 Mar 2020 20:14:04 -  Top of try : __main__.
Sun, 22 Mar 2020 20:14:04 - [<_MainThread(MainThread, started 3070106320)>, <Thread(Thread-1, started 3050718304)>, <Thread(Thread-2, started 3040867424)>, <Thread(Thread-3, started 3030381664)>] : __main__.
Sun, 22 Mar 2020 20:14:06 - That's all folks.  Goodbye : __main__.
Sun, 22 Mar 2020 20:16:12 -  - - - - - - - - - - - - - - - - - - - - -  : __main__.
Sun, 22 Mar 2020 20:16:12 - Cleaning up : __main__.
Sun, 22 Mar 2020 20:16:12 - Shutting down gracefully : __main__.
Sun, 22 Mar 2020 20:16:12 - Finished SignalHandler : __main__.
Sun, 22 Mar 2020 20:16:12 - That's all folks.  Goodbye : __main__.
Sun, 22 Mar 2020 20:16:29 -  - - - - - - - - - - - - - - - - - - - - - - - - - - - -  : outMain.
Sun, 22 Mar 2020 20:16:29 -   INITIAL CONFIGURATION COMPLETE   : outMain.
Sun, 22 Mar 2020 20:16:29 - 'HOME' path is: /home/greg/out : outMain.
Sun, 22 Mar 2020 20:17:11 - Exception on / [GET] : outWeb.
Traceback (most recent call last):
  File "/usr/local/lib/python3.7/dist-packages/flask/app.py", line 2446, in wsgi_app
    response = self.full_dispatch_request()
  File "/usr/local/lib/python3.7/dist-packages/flask/app.py", line 1951, in full_dispatch_request
    rv = self.handle_user_exception(e)
  File "/usr/local/lib/python3.7/dist-packages/flask/app.py", line 1820, in handle_user_exception
    reraise(exc_type, exc_value, tb)
  File "/usr/local/lib/python3.7/dist-packages/flask/_compat.py", line 39, in reraise
    raise value
  File "/usr/local/lib/python3.7/dist-packages/flask/app.py", line 1949, in full_dispatch_request
    rv = self.dispatch_request()
  File "/usr/local/lib/python3.7/dist-packages/flask/app.py", line 1935, in dispatch_request
    return self.view_functions[rule.endpoint](**req.view_args)
  File "/home/greg/out/outWeb.py", line 67, in main
    tempC,tempF,pres,pressNA,humid,preHum,kph,mph,wd,rainF,cpuT,fanSpd = allSensors()
  File "/home/greg/out/outMain.py", line 82, in allSensors
    fanSpd = rpm
NameError: name 'rpm' is not defined
Sun, 22 Mar 2020 20:18:14 - Exception on / [GET] : outWeb.
Traceback (most recent call last):
  File "/usr/local/lib/python3.7/dist-packages/flask/app.py", line 2446, in wsgi_app
    response = self.full_dispatch_request()
  File "/usr/local/lib/python3.7/dist-packages/flask/app.py", line 1951, in full_dispatch_request
    rv = self.handle_user_exception(e)
  File "/usr/local/lib/python3.7/dist-packages/flask/app.py", line 1820, in handle_user_exception
    reraise(exc_type, exc_value, tb)
  File "/usr/local/lib/python3.7/dist-packages/flask/_compat.py", line 39, in reraise
    raise value
  File "/usr/local/lib/python3.7/dist-packages/flask/app.py", line 1949, in full_dispatch_request
    rv = self.dispatch_request()
  File "/usr/local/lib/python3.7/dist-packages/flask/app.py", line 1935, in dispatch_request
    return self.view_functions[rule.endpoint](**req.view_args)
  File "/home/greg/out/outWeb.py", line 67, in main
    tempC,tempF,pres,pressNA,humid,preHum,kph,mph,wd,rainF,cpuT,fanSpd = allSensors()
  File "/home/greg/out/outMain.py", line 82, in allSensors
    fanSpd = rpm
NameError: name 'rpm' is not defined
Sun, 22 Mar 2020 20:25:21 -  - - - - - - - - - - - - - - - - - - - - - - - - - - - -  : outMain.
Sun, 22 Mar 2020 20:25:21 -   INITIAL CONFIGURATION COMPLETE   : outMain.
Sun, 22 Mar 2020 20:25:21 - 'HOME' path is: /home/greg/out : outMain.
Sun, 22 Mar 2020 20:34:37 -  - - - - - - - - - - - - - - - - - - - - - - - - - - - -  : outMain.
Sun, 22 Mar 2020 20:34:37 -   INITIAL CONFIGURATION COMPLETE   : outMain.
Sun, 22 Mar 2020 20:34:37 - 'HOME' path is: /home/greg/out : outMain.
Sun, 22 Mar 2020 20:36:16 - Exception on / [GET] : outWeb.
Traceback (most recent call last):
  File "/usr/local/lib/python3.7/dist-packages/flask/app.py", line 2446, in wsgi_app
    response = self.full_dispatch_request()
  File "/usr/local/lib/python3.7/dist-packages/flask/app.py", line 1951, in full_dispatch_request
    rv = self.handle_user_exception(e)
  File "/usr/local/lib/python3.7/dist-packages/flask/app.py", line 1820, in handle_user_exception
    reraise(exc_type, exc_value, tb)
  File "/usr/local/lib/python3.7/dist-packages/flask/_compat.py", line 39, in reraise
    raise value
  File "/usr/local/lib/python3.7/dist-packages/flask/app.py", line 1949, in full_dispatch_request
    rv = self.dispatch_request()
  File "/usr/local/lib/python3.7/dist-packages/flask/app.py", line 1935, in dispatch_request
    return self.view_functions[rule.endpoint](**req.view_args)
  File "/home/greg/out/outWeb.py", line 67, in main
    tempC,tempF,pres,pressNA,humid,preHum,kph,mph,wd,rainF,cpuT,fanSpd = allSensors()
  File "/home/greg/out/outMain.py", line 82, in allSensors
    fanSpd = outFan.main()
  File "/home/greg/out/outFan.py", line 49, in main
    dataSet = fanSpd()
  File "/home/greg/out/outFan.py", line 89, in fanSpd
    fpRtn = GPIO.wait_for_edge(23, GPIO.FALLING,timeout=3000)
RuntimeError: Error waiting for edge
Sun, 22 Mar 2020 20:37:28 -  - - - - - - - - - - - - - - - - - - - - - - - - - - - -  : outMain.
Sun, 22 Mar 2020 20:37:28 -   INITIAL CONFIGURATION COMPLETE   : outMain.
Sun, 22 Mar 2020 20:37:28 - 'HOME' path is: /home/greg/out : outMain.
Sun, 22 Mar 2020 20:42:07 -  - - - - - - - - - - - - - - - - - - - - - - - - - - - -  : outMain.
Sun, 22 Mar 2020 20:42:07 -   INITIAL CONFIGURATION COMPLETE   : outMain.
Sun, 22 Mar 2020 20:42:07 - 'HOME' path is: /home/greg/out : outMain.
Sun, 22 Mar 2020 20:45:32 -  - - - - - - - - - - - - - - - - - - - - - - - - - - - -  : outMain.
Sun, 22 Mar 2020 20:45:32 -   INITIAL CONFIGURATION COMPLETE   : outMain.
Sun, 22 Mar 2020 20:45:32 - 'HOME' path is: /home/greg/out : outMain.
Sun, 22 Mar 2020 20:49:10 -  - - - - - - - - - - - - - - - - - - - - - - - - - - - -  : outMain.
Sun, 22 Mar 2020 20:49:10 -   INITIAL CONFIGURATION COMPLETE   : outMain.
Sun, 22 Mar 2020 20:49:10 - 'HOME' path is: /home/greg/out : outMain.
Sun, 22 Mar 2020 20:52:17 -  - - - - - - - - - - - - - - - - - - - - - - - - - - - -  : outMain.
Sun, 22 Mar 2020 20:52:17 -   INITIAL CONFIGURATION COMPLETE   : outMain.
Sun, 22 Mar 2020 20:52:17 - 'HOME' path is: /home/greg/out : outMain.
Sun, 22 Mar 2020 20:54:27 - Exception on / [GET] : outWeb.
Traceback (most recent call last):
  File "/usr/local/lib/python3.7/dist-packages/flask/app.py", line 2446, in wsgi_app
    response = self.full_dispatch_request()
  File "/usr/local/lib/python3.7/dist-packages/flask/app.py", line 1951, in full_dispatch_request
    rv = self.handle_user_exception(e)
  File "/usr/local/lib/python3.7/dist-packages/flask/app.py", line 1820, in handle_user_exception
    reraise(exc_type, exc_value, tb)
  File "/usr/local/lib/python3.7/dist-packages/flask/_compat.py", line 39, in reraise
    raise value
  File "/usr/local/lib/python3.7/dist-packages/flask/app.py", line 1949, in full_dispatch_request
    rv = self.dispatch_request()
  File "/usr/local/lib/python3.7/dist-packages/flask/app.py", line 1935, in dispatch_request
    return self.view_functions[rule.endpoint](**req.view_args)
  File "/home/greg/out/outWeb.py", line 67, in main
    tempC,tempF,pres,pressNA,humid,preHum,kph,mph,wd,rainF,cpuT,fanSpd = allSensors()
  File "/home/greg/out/outMain.py", line 77, in allSensors
    kph,mph = calcSpd()
  File "/home/greg/out/outMain.py", line 91, in calcSpd
    pulse,elapse,start = windSpd.wsPulse()
  File "/home/greg/out/windSpd.py", line 41, in wsPulse
    pRtn = GPIO.wait_for_edge(16, GPIO.FALLING,timeout=1000)
RuntimeError: Error waiting for edge
Sun, 22 Mar 2020 20:55:03 -  - - - - - - - - - - - - - - - - - - - - - - - - - - - -  : outMain.
Sun, 22 Mar 2020 20:55:03 -   INITIAL CONFIGURATION COMPLETE   : outMain.
Sun, 22 Mar 2020 20:55:03 - 'HOME' path is: /home/greg/out : outMain.
Mon, 23 Mar 2020 10:29:19 -  - - - - - - - - - - - - - - - - - - - - - - - - - - - -  : outMain.
Mon, 23 Mar 2020 10:29:19 -   INITIAL CONFIGURATION COMPLETE   : outMain.
Mon, 23 Mar 2020 10:29:19 - 'HOME' path is: /home/greg/out : outMain.
Mon, 23 Mar 2020 10:50:41 -  - - - - - - - - - - - - - - - - - - - - - - - - - - - -  : outMain.
Mon, 23 Mar 2020 10:50:41 -   INITIAL CONFIGURATION COMPLETE   : outMain.
Mon, 23 Mar 2020 10:50:41 - 'HOME' path is: /home/greg/out : outMain.
Mon, 23 Mar 2020 12:38:56 -  - - - - - - - - - - - - - - - - - - - - - - - - - - - -  : outMain.
Mon, 23 Mar 2020 12:38:56 -   INITIAL CONFIGURATION COMPLETE   : outMain.
Mon, 23 Mar 2020 12:38:56 - 'HOME' path is: /home/greg/out : outMain.
Tue, 24 Mar 2020 05:51:33 - Exception on / [GET] : outWeb.
Traceback (most recent call last):
  File "/usr/local/lib/python3.7/dist-packages/flask/app.py", line 2446, in wsgi_app
    response = self.full_dispatch_request()
  File "/usr/local/lib/python3.7/dist-packages/flask/app.py", line 1951, in full_dispatch_request
    rv = self.handle_user_exception(e)
  File "/usr/local/lib/python3.7/dist-packages/flask/app.py", line 1820, in handle_user_exception
    reraise(exc_type, exc_value, tb)
  File "/usr/local/lib/python3.7/dist-packages/flask/_compat.py", line 39, in reraise
    raise value
  File "/usr/local/lib/python3.7/dist-packages/flask/app.py", line 1949, in full_dispatch_request
    rv = self.dispatch_request()
  File "/usr/local/lib/python3.7/dist-packages/flask/app.py", line 1935, in dispatch_request
    return self.view_functions[rule.endpoint](**req.view_args)
  File "/home/greg/out/outWeb.py", line 67, in main
    tempC,tempF,pres,pressNA,humid,preHum,kph,mph,wd,rainF,cpuT,fanSpd = allSensors()
  File "/home/greg/out/outMain.py", line 77, in allSensors
    kph,mph = calcSpd()
  File "/home/greg/out/outMain.py", line 91, in calcSpd
    pulse,elapse,start = windSpd.wsPulse()
  File "/home/greg/out/windSpd.py", line 41, in wsPulse
    pRtn = GPIO.wait_for_edge(16, GPIO.FALLING,timeout=1000)
RuntimeError: Error waiting for edge
Tue, 24 Mar 2020 18:12:37 -  - - - - - - - - - - - - - - - - - - - - - - - - - - - -  : outMain.
Tue, 24 Mar 2020 18:12:37 -   INITIAL CONFIGURATION COMPLETE   : outMain.
Tue, 24 Mar 2020 18:12:37 - 'HOME' path is: /home/greg/out : outMain.
Tue, 24 Mar 2020 19:24:59 -  - - - - - - - - - - - - - - - - - - - - - - - - - - - -  : outMain.
Tue, 24 Mar 2020 19:24:59 -   INITIAL CONFIGURATION COMPLETE   : outMain.
Tue, 24 Mar 2020 19:24:59 - 'HOME' path is: /home/greg/out : outMain.
Tue, 24 Mar 2020 19:24:59 -  * Running on http://0.0.0.0:5000/ (Press CTRL+C to quit) : werkzeug.
Tue, 24 Mar 2020 19:25:17 - 192.168.1.58 - - [24/Mar/2020 19:25:17] "GET / HTTP/1.1" 200 - : werkzeug.
Tue, 24 Mar 2020 19:25:18 - 192.168.1.58 - - [24/Mar/2020 19:25:18] "GET /favicon.ico HTTP/1.1" 404 - : werkzeug.
Tue, 24 Mar 2020 19:25:35 - 192.168.1.58 - - [24/Mar/2020 19:25:35] "GET / HTTP/1.1" 200 - : werkzeug.
Tue, 24 Mar 2020 19:25:51 - 192.168.1.58 - - [24/Mar/2020 19:25:51] "GET / HTTP/1.1" 200 - : werkzeug.
Tue, 24 Mar 2020 19:26:08 - 192.168.1.58 - - [24/Mar/2020 19:26:08] "GET / HTTP/1.1" 200 - : werkzeug.
Tue, 24 Mar 2020 19:26:24 - 192.168.1.58 - - [24/Mar/2020 19:26:24] "GET / HTTP/1.1" 200 - : werkzeug.
Tue, 24 Mar 2020 19:26:43 - 192.168.1.58 - - [24/Mar/2020 19:26:43] "GET / HTTP/1.1" 200 - : werkzeug.
Tue, 24 Mar 2020 19:29:23 -  - - - - - - - - - - - - - - - - - - - - - - - - - - - -  : outMain.
Tue, 24 Mar 2020 19:29:23 -   INITIAL CONFIGURATION COMPLETE   : outMain.
Tue, 24 Mar 2020 19:29:23 - 'HOME' path is: /home/greg/out : outMain.
Tue, 24 Mar 2020 19:29:24 -  * Running on http://0.0.0.0:5000/ (Press CTRL+C to quit) : werkzeug.
Tue, 24 Mar 2020 19:29:36 - Exception on / [GET] : outWeb.
Traceback (most recent call last):
  File "/usr/local/lib/python3.7/dist-packages/flask/app.py", line 2446, in wsgi_app
    response = self.full_dispatch_request()
  File "/usr/local/lib/python3.7/dist-packages/flask/app.py", line 1951, in full_dispatch_request
    rv = self.handle_user_exception(e)
  File "/usr/local/lib/python3.7/dist-packages/flask/app.py", line 1820, in handle_user_exception
    reraise(exc_type, exc_value, tb)
  File "/usr/local/lib/python3.7/dist-packages/flask/_compat.py", line 39, in reraise
    raise value
  File "/usr/local/lib/python3.7/dist-packages/flask/app.py", line 1949, in full_dispatch_request
    rv = self.dispatch_request()
  File "/usr/local/lib/python3.7/dist-packages/flask/app.py", line 1935, in dispatch_request
    return self.view_functions[rule.endpoint](**req.view_args)
  File "outWeb.py", line 67, in main
    tempC,tempF,pres,pressNA,humid,preHum,kph,mph,wd,rainF,cpuT,fanSpd = allSensors()
  File "/home/greg/out/outMain.py", line 82, in allSensors
    fanSpd = outFan.fanSpd()[3]
  File "/home/greg/out/outFan.py", line 89, in fanSpd
    fpRtn = GPIO.wait_for_edge(23, GPIO.FALLING,timeout=100)
RuntimeError: You must setup() the GPIO channel as an input first
Tue, 24 Mar 2020 19:29:36 - 192.168.1.58 - - [24/Mar/2020 19:29:36] "GET / HTTP/1.1" 500 - : werkzeug.
Tue, 24 Mar 2020 19:30:13 - Exception on / [GET] : outWeb.
Traceback (most recent call last):
  File "/usr/local/lib/python3.7/dist-packages/flask/app.py", line 2446, in wsgi_app
    response = self.full_dispatch_request()
  File "/usr/local/lib/python3.7/dist-packages/flask/app.py", line 1951, in full_dispatch_request
    rv = self.handle_user_exception(e)
  File "/usr/local/lib/python3.7/dist-packages/flask/app.py", line 1820, in handle_user_exception
    reraise(exc_type, exc_value, tb)
  File "/usr/local/lib/python3.7/dist-packages/flask/_compat.py", line 39, in reraise
    raise value
  File "/usr/local/lib/python3.7/dist-packages/flask/app.py", line 1949, in full_dispatch_request
    rv = self.dispatch_request()
  File "/usr/local/lib/python3.7/dist-packages/flask/app.py", line 1935, in dispatch_request
    return self.view_functions[rule.endpoint](**req.view_args)
  File "outWeb.py", line 67, in main
    tempC,tempF,pres,pressNA,humid,preHum,kph,mph,wd,rainF,cpuT,fanSpd = allSensors()
  File "/home/greg/out/outMain.py", line 82, in allSensors
    fanSpd = outFan.fanSpd()[3]
  File "/home/greg/out/outFan.py", line 89, in fanSpd
    fpRtn = GPIO.wait_for_edge(23, GPIO.FALLING,timeout=100)
RuntimeError: You must setup() the GPIO channel as an input first
Tue, 24 Mar 2020 19:30:13 - 192.168.1.58 - - [24/Mar/2020 19:30:13] "GET / HTTP/1.1" 500 - : werkzeug.
Tue, 24 Mar 2020 19:34:09 - Exception on / [GET] : outWeb.
Traceback (most recent call last):
  File "/usr/local/lib/python3.7/dist-packages/flask/app.py", line 2446, in wsgi_app
    response = self.full_dispatch_request()
  File "/usr/local/lib/python3.7/dist-packages/flask/app.py", line 1951, in full_dispatch_request
    rv = self.handle_user_exception(e)
  File "/usr/local/lib/python3.7/dist-packages/flask/app.py", line 1820, in handle_user_exception
    reraise(exc_type, exc_value, tb)
  File "/usr/local/lib/python3.7/dist-packages/flask/_compat.py", line 39, in reraise
    raise value
  File "/usr/local/lib/python3.7/dist-packages/flask/app.py", line 1949, in full_dispatch_request
    rv = self.dispatch_request()
  File "/usr/local/lib/python3.7/dist-packages/flask/app.py", line 1935, in dispatch_request
    return self.view_functions[rule.endpoint](**req.view_args)
  File "outWeb.py", line 67, in main
    tempC,tempF,pres,pressNA,humid,preHum,kph,mph,wd,rainF,cpuT,fanSpd = allSensors()
  File "/home/greg/out/outMain.py", line 82, in allSensors
    fanSpd = outFan.fanSpd()[3]
  File "/home/greg/out/outFan.py", line 89, in fanSpd
    fpRtn = GPIO.wait_for_edge(23, GPIO.FALLING,timeout=100)
RuntimeError: You must setup() the GPIO channel as an input first
Tue, 24 Mar 2020 19:34:09 - 192.168.1.58 - - [24/Mar/2020 19:34:09] "GET / HTTP/1.1" 500 - : werkzeug.
Tue, 24 Mar 2020 19:34:10 - 192.168.1.58 - - [24/Mar/2020 19:34:10] "GET /favicon.ico HTTP/1.1" 404 - : werkzeug.
Tue, 24 Mar 2020 20:49:17 -  - - - - - - - - - - - - - - - - - - - - - - - - - - - -  : outMain.
Tue, 24 Mar 2020 20:49:17 -   INITIAL CONFIGURATION COMPLETE   : outMain.
Tue, 24 Mar 2020 20:49:17 - 'HOME' path is: /home/greg/out : outMain.
Tue, 24 Mar 2020 20:49:18 -  * Running on http://0.0.0.0:5000/ (Press CTRL+C to quit) : werkzeug.
Tue, 24 Mar 2020 20:49:48 - Exception on / [GET] : outWeb.
Traceback (most recent call last):
  File "/usr/local/lib/python3.7/dist-packages/flask/app.py", line 2446, in wsgi_app
    response = self.full_dispatch_request()
  File "/usr/local/lib/python3.7/dist-packages/flask/app.py", line 1951, in full_dispatch_request
    rv = self.handle_user_exception(e)
  File "/usr/local/lib/python3.7/dist-packages/flask/app.py", line 1820, in handle_user_exception
    reraise(exc_type, exc_value, tb)
  File "/usr/local/lib/python3.7/dist-packages/flask/_compat.py", line 39, in reraise
    raise value
  File "/usr/local/lib/python3.7/dist-packages/flask/app.py", line 1949, in full_dispatch_request
    rv = self.dispatch_request()
  File "/usr/local/lib/python3.7/dist-packages/flask/app.py", line 1935, in dispatch_request
    return self.view_functions[rule.endpoint](**req.view_args)
  File "outWeb.py", line 67, in main
    tempC,tempF,pres,pressNA,humid,preHum,kph,mph,wd,rainF,cpuT = allSensors()
  File "/home/greg/out/outMain.py", line 82, in allSensors
    fanSpd = outFan.fanSpd()[3]
  File "/home/greg/out/outFan.py", line 86, in fanSpd
    GPIO.add_event_detect(23, GPIO.RISING)
RuntimeError: You must setup() the GPIO channel as an input first
Tue, 24 Mar 2020 20:49:48 - 192.168.1.58 - - [24/Mar/2020 20:49:48] "GET / HTTP/1.1" 500 - : werkzeug.
Tue, 24 Mar 2020 20:50:18 -  - - - - - - - - - - - - - - - - - - - - - - - - - - - -  : outMain.
Tue, 24 Mar 2020 20:50:18 -   INITIAL CONFIGURATION COMPLETE   : outMain.
Tue, 24 Mar 2020 20:50:18 - 'HOME' path is: /home/greg/out : outMain.
Tue, 24 Mar 2020 20:50:19 -  * Running on http://0.0.0.0:5000/ (Press CTRL+C to quit) : werkzeug.
Tue, 24 Mar 2020 20:50:27 - Exception on / [GET] : outWeb.
Traceback (most recent call last):
  File "/usr/local/lib/python3.7/dist-packages/flask/app.py", line 2446, in wsgi_app
    response = self.full_dispatch_request()
  File "/usr/local/lib/python3.7/dist-packages/flask/app.py", line 1951, in full_dispatch_request
    rv = self.handle_user_exception(e)
  File "/usr/local/lib/python3.7/dist-packages/flask/app.py", line 1820, in handle_user_exception
    reraise(exc_type, exc_value, tb)
  File "/usr/local/lib/python3.7/dist-packages/flask/_compat.py", line 39, in reraise
    raise value
  File "/usr/local/lib/python3.7/dist-packages/flask/app.py", line 1949, in full_dispatch_request
    rv = self.dispatch_request()
  File "/usr/local/lib/python3.7/dist-packages/flask/app.py", line 1935, in dispatch_request
    return self.view_functions[rule.endpoint](**req.view_args)
  File "outWeb.py", line 67, in main
    tempC,tempF,pres,pressNA,humid,preHum,kph,mph,wd,rainF,cpuT = allSensors()
  File "/home/greg/out/outMain.py", line 82, in allSensors
    fanSpd = outFan.fanSpd()[3]
  File "/home/greg/out/outFan.py", line 86, in fanSpd
    GPIO.add_event_detect(23, GPIO.RISING)
RuntimeError: You must setup() the GPIO channel as an input first
Tue, 24 Mar 2020 20:50:27 - 192.168.1.58 - - [24/Mar/2020 20:50:27] "GET / HTTP/1.1" 500 - : werkzeug.
Tue, 24 Mar 2020 20:51:15 -  - - - - - - - - - - - - - - - - - - - - - - - - - - - -  : outMain.
Tue, 24 Mar 2020 20:51:15 -   INITIAL CONFIGURATION COMPLETE   : outMain.
Tue, 24 Mar 2020 20:51:15 - 'HOME' path is: /home/greg/out : outMain.
Tue, 24 Mar 2020 20:51:15 -  * Running on http://0.0.0.0:5000/ (Press CTRL+C to quit) : werkzeug.
Tue, 24 Mar 2020 20:51:26 - 192.168.1.58 - - [24/Mar/2020 20:51:26] "GET / HTTP/1.1" 200 - : werkzeug.
Tue, 24 Mar 2020 20:51:37 - 192.168.1.58 - - [24/Mar/2020 20:51:37] "GET / HTTP/1.1" 200 - : werkzeug.
Tue, 24 Mar 2020 20:51:47 - 192.168.1.58 - - [24/Mar/2020 20:51:47] "GET / HTTP/1.1" 200 - : werkzeug.
Tue, 24 Mar 2020 20:51:58 - 192.168.1.58 - - [24/Mar/2020 20:51:58] "GET / HTTP/1.1" 200 - : werkzeug.
Tue, 24 Mar 2020 21:02:20 -  - - - - - - - - - - - - - - - - - - - - - - - - - - - -  : outMain.
Tue, 24 Mar 2020 21:02:20 -   INITIAL CONFIGURATION COMPLETE   : outMain.
Tue, 24 Mar 2020 21:02:20 - 'HOME' path is: /home/greg/out : outMain.
Tue, 24 Mar 2020 21:06:55 -  - - - - - - - - - - - - - - - - - - - - - - - - - - - -  : outMain.
Tue, 24 Mar 2020 21:06:55 -   INITIAL CONFIGURATION COMPLETE   : outMain.
Tue, 24 Mar 2020 21:06:55 - 'HOME' path is: /home/greg/out : outMain.
Tue, 24 Mar 2020 21:09:27 -  - - - - - - - - - - - - - - - - - - - - - - - - - - - -  : outMain.
Tue, 24 Mar 2020 21:09:27 -   INITIAL CONFIGURATION COMPLETE   : outMain.
Tue, 24 Mar 2020 21:09:27 - 'HOME' path is: /home/greg/out : outMain.
Wed, 25 Mar 2020 13:46:21 -  - - - - - - - - - - - - - - - - - - - - - - - - - - - -  : outMain.
Wed, 25 Mar 2020 13:46:21 -   INITIAL CONFIGURATION COMPLETE   : outMain.
Wed, 25 Mar 2020 13:46:21 - 'HOME' path is: /home/greg/out : outMain.
Wed, 25 Mar 2020 19:31:38 -  - - - - - - - - - - - - - - - - - - - - - - - - - - - -  : __main__.
Wed, 25 Mar 2020 19:31:38 -   INITIAL CONFIGURATION COMPLETE   : __main__.
Wed, 25 Mar 2020 19:31:38 - 'HOME' path is: /home/greg/out : __main__.
Wed, 25 Mar 2020 19:31:38 -  Top of try : __main__.
Wed, 25 Mar 2020 19:31:38 - [<_MainThread(MainThread, started 3069807312)>, <Thread(Thread-1, started 3058644064)>, <Thread(Thread-2, started 3048207456)>] : __main__.
Wed, 25 Mar 2020 19:31:38 - That's all folks.  Goodbye : __main__.
Wed, 25 Mar 2020 19:32:49 -  - - - - - - - - - - - - - - - - - - - - - - - - - - - -  : __main__.
Wed, 25 Mar 2020 19:32:49 -   INITIAL CONFIGURATION COMPLETE   : __main__.
Wed, 25 Mar 2020 19:32:49 - 'HOME' path is: /home/greg/out : __main__.
Wed, 25 Mar 2020 19:32:49 -  Top of try : __main__.
Wed, 25 Mar 2020 19:38:29 -  - - - - - - - - - - - - - - - - - - - - - - - - - - - -  : __main__.
Wed, 25 Mar 2020 19:38:29 -   INITIAL CONFIGURATION COMPLETE   : __main__.
Wed, 25 Mar 2020 19:38:29 - 'HOME' path is: /home/greg/out : __main__.
Wed, 25 Mar 2020 19:38:29 -  Top of try : __main__.
Wed, 25 Mar 2020 19:46:17 -  - - - - - - - - - - - - - - - - - - - - - - - - - - - -  : __main__.
Wed, 25 Mar 2020 19:46:17 -   INITIAL CONFIGURATION COMPLETE   : __main__.
Wed, 25 Mar 2020 19:46:17 - 'HOME' path is: /home/greg/out : __main__.
Wed, 25 Mar 2020 19:46:17 -  Top of try : __main__.
Wed, 25 Mar 2020 19:47:08 -  - - - - - - - - - - - - - - - - - - - - - - - - - - - -  : __main__.
Wed, 25 Mar 2020 19:47:08 -   INITIAL CONFIGURATION COMPLETE   : __main__.
Wed, 25 Mar 2020 19:47:08 - 'HOME' path is: /home/greg/out : __main__.
Wed, 25 Mar 2020 19:47:08 -  Top of try : __main__.
Wed, 25 Mar 2020 19:49:40 -  - - - - - - - - - - - - - - - - - - - - - - - - - - - -  : outMain.
Wed, 25 Mar 2020 19:49:40 -   INITIAL CONFIGURATION COMPLETE   : outMain.
Wed, 25 Mar 2020 19:49:40 - 'HOME' path is: /home/greg/out : outMain.
Thu, 26 Mar 2020 16:41:14 -  - - - - - - - - - - - - - - - - - - - - - - - - - - - -  : outMain.
Thu, 26 Mar 2020 16:41:14 -   INITIAL CONFIGURATION COMPLETE   : outMain.
Thu, 26 Mar 2020 16:41:14 - 'HOME' path is: /home/greg/out : outMain.
Thu, 26 Mar 2020 17:21:34 -  - - - - - - - - - - - - - - - - - - - - - - - - - - - -  : outMain.
Thu, 26 Mar 2020 17:21:34 -   INITIAL CONFIGURATION COMPLETE   : outMain.
Thu, 26 Mar 2020 17:21:34 - 'HOME' path is: /home/greg/out : outMain.
Thu, 26 Mar 2020 17:28:01 -  - - - - - - - - - - - - - - - - - - - - - - - - - - - -  : outMain.
Thu, 26 Mar 2020 17:28:01 -   INITIAL CONFIGURATION COMPLETE   : outMain.
Thu, 26 Mar 2020 17:28:01 - 'HOME' path is: /home/greg/out : outMain.
Thu, 26 Mar 2020 17:36:01 -  - - - - - - - - - - - - - - - - - - - - - - - - - - - -  : outMain.
Thu, 26 Mar 2020 17:36:01 -   INITIAL CONFIGURATION COMPLETE   : outMain.
Thu, 26 Mar 2020 17:36:01 - 'HOME' path is: /home/greg/out : outMain.
Thu, 26 Mar 2020 18:37:50 -  - - - - - - - - - - - - - - - - - - - - - - - - - - - -  : outMain.
Thu, 26 Mar 2020 18:37:50 -   INITIAL CONFIGURATION COMPLETE   : outMain.
Thu, 26 Mar 2020 18:37:50 - 'HOME' path is: /home/greg/out : outMain.
Thu, 26 Mar 2020 18:46:35 -  - - - - - - - - - - - - - - - - - - - - - - - - - - - -  : outMain.
Thu, 26 Mar 2020 18:46:35 -   INITIAL CONFIGURATION COMPLETE   : outMain.
Thu, 26 Mar 2020 18:46:35 - 'HOME' path is: /home/greg/out : outMain.
